Build started 09/10/2015 13:48:54.
     1>Project "C:\Users\james\Documents\GitHub\332RayTracer\322RayTracer\322RayTracer.vcxproj" on node 2 (Build target(s)).
     1>ClCompile:
         C:\Program Files (x86)\Microsoft Visual Studio 14.0\VC\bin\CL.exe /c /I"C:\Users\james\Documents\GitHub\332RayTracer\\glm-0.9.6.3\glm" /I"D:\james\Documents\Visual Studio 2015\Projects\332RayTracer\SDL2-2.0.3\include" /ZI /nologo /W3 /WX- /sdl /Od /Oy- /D _MBCS /Gm /EHsc /RTC1 /MDd /GS /fp:precise /Zc:wchar_t /Zc:forScope /Zc:inline /Fo"Debug\\" /Fd"Debug\vc140.pdb" /Gd /TP /analyze- /errorReport:prompt main.cpp Ray.cpp Shape.cpp Sphere.cpp
         Sphere.cpp
         Shape.cpp
         Ray.cpp
     1>c:\users\james\documents\github\332raytracer\322raytracer\ray.cpp(10): warning C4244: 'return': conversion from 'double' to 'float', possible loss of data
     1>c:\users\james\documents\github\332raytracer\322raytracer\ray.cpp(30): warning C4244: 'initializing': conversion from 'double' to 'float', possible loss of data
         main.cpp
     1>c:\users\james\documents\github\332raytracer\322raytracer\main.cpp(33): warning C4018: '<': signed/unsigned mismatch
     1>c:\users\james\documents\github\332raytracer\322raytracer\main.cpp(34): warning C4018: '<': signed/unsigned mismatch
         Generating Code...
     1>c:\users\james\documents\github\332raytracer\322raytracer\ray.cpp(18): error C4716: 'Ray::CheckHit': must return a value
     1>Done Building Project "C:\Users\james\Documents\GitHub\332RayTracer\322RayTracer\322RayTracer.vcxproj" (Build target(s)) -- FAILED.

Build FAILED.

Time Elapsed 00:00:02.65
